[0;34m[01:31:15] Starting CleanGrid Development Environment...[0m
[0;32m[01:31:15] Logs directory created[0m
[0;34m[01:31:16] Cleaning up existing processes...[0m
[0;34m[01:31:17] Clearing Next.js build cache...[0m
[0;34m[01:31:17] Starting infrastructure services...[0m
 Container cleangrid_db Running 
 Container cleangrid_redis Running 
[0;34m[01:31:18] Waiting for database to be ready...[0m
[0;32m[01:31:18] Database is ready![0m
[0;34m[01:31:18] Waiting for Redis to be ready...[0m
[0;32m[01:31:19] Redis is ready![0m
[0;34m[01:31:19] Setting up backend virtual environment...[0m
[0;34m[01:31:19] Creating backend virtual environment...[0m
[0;32m[01:32:08] Shapely installed successfully[0m
[0;34m[01:32:08] Installing backend dependencies...[0m
[0;31m[01:32:44] Failed to install dependencies. Details:[0m
  Using cached passlib-1.7.4-py2.py3-none-any.whl.metadata (1.7 kB)
Collecting python-multipart==0.0.6 (from -r requirements.txt (line 17))
  Using cached python_multipart-0.0.6-py3-none-any.whl.metadata (2.5 kB)
Collecting pydantic==2.5.0 (from pydantic[email]==2.5.0->-r requirements.txt (line 20))
  Using cached pydantic-2.5.0-py3-none-any.whl.metadata (174 kB)
Collecting pydantic-settings==2.1.0 (from -r requirements.txt (line 21))
  Using cached pydantic_settings-2.1.0-py3-none-any.whl.metadata (2.9 kB)
Collecting python-decouple==3.8 (from -r requirements.txt (line 22))
  Using cached python_decouple-3.8-py3-none-any.whl.metadata (14 kB)
Collecting httpx==0.25.2 (from -r requirements.txt (line 25))
  Using cached httpx-0.25.2-py3-none-any.whl.metadata (6.9 kB)
Collecting aiofiles==23.2.1 (from -r requirements.txt (line 26))
  Using cached aiofiles-23.2.1-py3-none-any.whl.metadata (9.7 kB)
Collecting redis==5.0.1 (from -r requirements.txt (line 29))
  Using cached redis-5.0.1-py3-none-any.whl.metadata (8.9 kB)
Collecting shapely==2.0.1 (from -r requirements.txt (line 32))
  Using cached shapely-2.0.1.tar.gz (275 kB)
  Installing build dependencies: started
  Installing build dependencies: finished with status 'done'
  Getting requirements to build wheel: started
  Getting requirements to build wheel: finished with status 'error'
  error: subprocess-exited-with-error
  
  × Getting requirements to build wheel did not run successfully.
  │ exit code: 1
  ╰─> [20 lines of output]
      Traceback (most recent call last):
        File "/home/ken/Projects/Waste_detection_bot/backend/venv/lib/python3.14/site-packages/pip/_vendor/pyproject_hooks/_in_process/_in_process.py", line 389, in <module>
          main()
          ~~~~^^
        File "/home/ken/Projects/Waste_detection_bot/backend/venv/lib/python3.14/site-packages/pip/_vendor/pyproject_hooks/_in_process/_in_process.py", line 373, in main
          json_out["return_val"] = hook(**hook_input["kwargs"])
                                   ~~~~^^^^^^^^^^^^^^^^^^^^^^^^
        File "/home/ken/Projects/Waste_detection_bot/backend/venv/lib/python3.14/site-packages/pip/_vendor/pyproject_hooks/_in_process/_in_process.py", line 143, in get_requires_for_build_wheel
          return hook(config_settings)
        File "/tmp/pip-build-env-btfxep4q/overlay/lib/python3.14/site-packages/setuptools/build_meta.py", line 333, in get_requires_for_build_wheel
          return self._get_build_requires(config_settings, requirements=[])
                 ~~~~~~~~~~~~~~~~~~~~~~~~^^^^^^^^^^^^^^^^^^^^^^^^^^^^^^^^^^
        File "/tmp/pip-build-env-btfxep4q/overlay/lib/python3.14/site-packages/setuptools/build_meta.py", line 301, in _get_build_requires
          self.run_setup()
          ~~~~~~~~~~~~~~^^
        File "/tmp/pip-build-env-btfxep4q/overlay/lib/python3.14/site-packages/setuptools/build_meta.py", line 317, in run_setup
          exec(code, locals())
          ~~~~^^^^^^^^^^^^^^^^
        File "<string>", line 8, in <module>
      ModuleNotFoundError: No module named 'pkg_resources'
      [end of output]
  
  note: This error originates from a subprocess, and is likely not a problem with pip.
ERROR: Failed to build 'shapely' when getting requirements to build wheel
