Requirement already satisfied: fastapi>=0.104.1 in ./venv/lib/python3.14/site-packages (from -r requirements.txt (line 8)) (0.136.0)
Requirement already satisfied: uvicorn>=0.24.0 in ./venv/lib/python3.14/site-packages (from uvicorn[standard]>=0.24.0->-r requirements.txt (line 9)) (0.44.0)
Requirement already satisfied: opencv-python>=4.8.1.78 in ./venv/lib/python3.14/site-packages (from -r requirements.txt (line 14)) (4.13.0.92)
Requirement already satisfied: Pillow>=10.2.0 in ./venv/lib/python3.14/site-packages (from -r requirements.txt (line 15)) (12.2.0)
Requirement already satisfied: httpx>=0.25.2 in ./venv/lib/python3.14/site-packages (from -r requirements.txt (line 18)) (0.25.2)
Requirement already satisfied: aiofiles>=23.2.1 in ./venv/lib/python3.14/site-packages (from -r requirements.txt (line 19)) (25.1.0)
Requirement already satisfied: python-multipart>=0.0.6 in ./venv/lib/python3.14/site-packages (from -r requirements.txt (line 22)) (0.0.26)
Requirement already satisfied: pydantic>=2.5.0 in ./venv/lib/python3.14/site-packages (from -r requirements.txt (line 25)) (2.13.2)
Requirement already satisfied: pydantic-settings>=2.1.0 in ./venv/lib/python3.14/site-packages (from -r requirements.txt (line 26)) (2.13.1)
Requirement already satisfied: python-dotenv>=1.0.0 in ./venv/lib/python3.14/site-packages (from -r requirements.txt (line 27)) (1.2.2)
Requirement already satisfied: numpy>=1.24.3 in ./venv/lib/python3.14/site-packages (from -r requirements.txt (line 30)) (2.4.4)
Requirement already satisfied: structlog>=23.2.0 in ./venv/lib/python3.14/site-packages (from -r requirements.txt (line 31)) (25.5.0)
Requirement already satisfied: loguru>=0.7.2 in ./venv/lib/python3.14/site-packages (from -r requirements.txt (line 32)) (0.7.2)
Requirement already satisfied: pytest==7.4.3 in ./venv/lib/python3.14/site-packages (from -r requirements.txt (line 36)) (7.4.3)
Requirement already satisfied: pytest-asyncio==0.21.1 in ./venv/lib/python3.14/site-packages (from -r requirements.txt (line 37)) (0.21.1)
Requirement already satisfied: black==23.11.0 in ./venv/lib/python3.14/site-packages (from -r requirements.txt (line 38)) (23.11.0)
Requirement already satisfied: ruff==0.1.6 in ./venv/lib/python3.14/site-packages (from -r requirements.txt (line 39)) (0.1.6)
Requirement already satisfied: mypy==1.7.1 in ./venv/lib/python3.14/site-packages (from -r requirements.txt (line 40)) (1.7.1)
Requirement already satisfied: pytest-httpx==0.26.0 in ./venv/lib/python3.14/site-packages (from -r requirements.txt (line 43)) (0.26.0)
Requirement already satisfied: iniconfig in ./venv/lib/python3.14/site-packages (from pytest==7.4.3->-r requirements.txt (line 36)) (2.3.0)
Requirement already satisfied: packaging in ./venv/lib/python3.14/site-packages (from pytest==7.4.3->-r requirements.txt (line 36)) (26.1)
Requirement already satisfied: pluggy<2.0,>=0.12 in ./venv/lib/python3.14/site-packages (from pytest==7.4.3->-r requirements.txt (line 36)) (1.6.0)
Requirement already satisfied: click>=8.0.0 in ./venv/lib/python3.14/site-packages (from black==23.11.0->-r requirements.txt (line 38)) (8.3.2)
Requirement already satisfied: mypy-extensions>=0.4.3 in ./venv/lib/python3.14/site-packages (from black==23.11.0->-r requirements.txt (line 38)) (1.1.0)
Requirement already satisfied: pathspec>=0.9.0 in ./venv/lib/python3.14/site-packages (from black==23.11.0->-r requirements.txt (line 38)) (1.0.4)
Requirement already satisfied: platformdirs>=2 in ./venv/lib/python3.14/site-packages (from black==23.11.0->-r requirements.txt (line 38)) (4.9.6)
Requirement already satisfied: typing-extensions>=4.1.0 in ./venv/lib/python3.14/site-packages (from mypy==1.7.1->-r requirements.txt (line 40)) (4.15.0)
Requirement already satisfied: anyio in ./venv/lib/python3.14/site-packages (from httpx>=0.25.2->-r requirements.txt (line 18)) (4.13.0)
Requirement already satisfied: certifi in ./venv/lib/python3.14/site-packages (from httpx>=0.25.2->-r requirements.txt (line 18)) (2026.2.25)
Requirement already satisfied: httpcore==1.* in ./venv/lib/python3.14/site-packages (from httpx>=0.25.2->-r requirements.txt (line 18)) (1.0.9)
Requirement already satisfied: idna in ./venv/lib/python3.14/site-packages (from httpx>=0.25.2->-r requirements.txt (line 18)) (3.11)
Requirement already satisfied: sniffio in ./venv/lib/python3.14/site-packages (from httpx>=0.25.2->-r requirements.txt (line 18)) (1.3.1)
Requirement already satisfied: h11>=0.16 in ./venv/lib/python3.14/site-packages (from httpcore==1.*->httpx>=0.25.2->-r requirements.txt (line 18)) (0.16.0)
Requirement already satisfied: starlette>=0.46.0 in ./venv/lib/python3.14/site-packages (from fastapi>=0.104.1->-r requirements.txt (line 8)) (1.0.0)
Requirement already satisfied: typing-inspection>=0.4.2 in ./venv/lib/python3.14/site-packages (from fastapi>=0.104.1->-r requirements.txt (line 8)) (0.4.2)
Requirement already satisfied: annotated-doc>=0.0.2 in ./venv/lib/python3.14/site-packages (from fastapi>=0.104.1->-r requirements.txt (line 8)) (0.0.4)
Requirement already satisfied: annotated-types>=0.6.0 in ./venv/lib/python3.14/site-packages (from pydantic>=2.5.0->-r requirements.txt (line 25)) (0.7.0)
Requirement already satisfied: pydantic-core==2.46.2 in ./venv/lib/python3.14/site-packages (from pydantic>=2.5.0->-r requirements.txt (line 25)) (2.46.2)
Requirement already satisfied: httptools>=0.6.3 in ./venv/lib/python3.14/site-packages (from uvicorn[standard]>=0.24.0->-r requirements.txt (line 9)) (0.7.1)
Requirement already satisfied: pyyaml>=5.1 in ./venv/lib/python3.14/site-packages (from uvicorn[standard]>=0.24.0->-r requirements.txt (line 9)) (6.0.3)
Requirement already satisfied: uvloop>=0.15.1 in ./venv/lib/python3.14/site-packages (from uvicorn[standard]>=0.24.0->-r requirements.txt (line 9)) (0.22.1)
Requirement already satisfied: watchfiles>=0.20 in ./venv/lib/python3.14/site-packages (from uvicorn[standard]>=0.24.0->-r requirements.txt (line 9)) (1.1.1)
Requirement already satisfied: websockets>=10.4 in ./venv/lib/python3.14/site-packages (from uvicorn[standard]>=0.24.0->-r requirements.txt (line 9)) (16.0)
