Collecting fastapi>=0.104.1 (from -r requirements.txt (line 7))
  Using cached fastapi-0.136.0-py3-none-any.whl.metadata (28 kB)
Collecting uvicorn>=0.24.0 (from uvicorn[standard]>=0.24.0->-r requirements.txt (line 8))
  Using cached uvicorn-0.44.0-py3-none-any.whl.metadata (6.7 kB)
Collecting sqlalchemy>=2.0.23 (from -r requirements.txt (line 11))
  Using cached sqlalchemy-2.0.49-cp314-cp314-manylinux2014_x86_64.manylinux_2_17_x86_64.manylinux_2_28_x86_64.whl.metadata (9.5 kB)
Collecting asyncpg>=0.29.0 (from -r requirements.txt (line 12))
  Using cached asyncpg-0.31.0-cp314-cp314-manylinux2014_x86_64.manylinux_2_17_x86_64.manylinux_2_28_x86_64.whl.metadata (4.4 kB)
Collecting alembic>=1.12.1 (from -r requirements.txt (line 13))
  Using cached alembic-1.18.4-py3-none-any.whl.metadata (7.2 kB)
Collecting python-jose>=3.3.0 (from python-jose[cryptography]>=3.3.0->-r requirements.txt (line 16))
  Using cached python_jose-3.5.0-py2.py3-none-any.whl.metadata (5.5 kB)
Collecting passlib>=1.7.4 (from passlib[bcrypt]>=1.7.4->-r requirements.txt (line 17))
  Using cached passlib-1.7.4-py2.py3-none-any.whl.metadata (1.7 kB)
Collecting python-multipart>=0.0.6 (from -r requirements.txt (line 18))
  Using cached python_multipart-0.0.26-py3-none-any.whl.metadata (2.1 kB)
Collecting pydantic>=2.5.0 (from pydantic[email]>=2.5.0->-r requirements.txt (line 21))
  Using cached pydantic-2.13.2-py3-none-any.whl.metadata (108 kB)
Collecting pydantic-settings>=2.1.0 (from -r requirements.txt (line 22))
  Using cached pydantic_settings-2.13.1-py3-none-any.whl.metadata (3.4 kB)
Collecting python-decouple>=3.8 (from -r requirements.txt (line 23))
  Using cached python_decouple-3.8-py3-none-any.whl.metadata (14 kB)
Collecting httpx>=0.25.2 (from -r requirements.txt (line 26))
  Using cached httpx-0.28.1-py3-none-any.whl.metadata (7.1 kB)
Collecting aiofiles>=23.2.1 (from -r requirements.txt (line 27))
  Using cached aiofiles-25.1.0-py3-none-any.whl.metadata (6.3 kB)
Collecting redis>=5.0.1 (from -r requirements.txt (line 30))
  Using cached redis-7.4.0-py3-none-any.whl.metadata (12 kB)
Collecting geoalchemy2>=0.14.2 (from -r requirements.txt (line 33))
  Using cached geoalchemy2-0.19.0-py3-none-any.whl.metadata (2.1 kB)
Collecting pillow>=10.2.0 (from -r requirements.txt (line 36))
  Using cached pillow-12.2.0-cp314-cp314-manylinux_2_27_x86_64.manylinux_2_28_x86_64.whl.metadata (8.8 kB)
Collecting python-dotenv>=1.0.0 (from -r requirements.txt (line 39))
  Using cached python_dotenv-1.2.2-py3-none-any.whl.metadata (27 kB)
Collecting structlog>=23.2.0 (from -r requirements.txt (line 40))
  Using cached structlog-25.5.0-py3-none-any.whl.metadata (9.5 kB)
Collecting loguru>=0.7.2 (from -r requirements.txt (line 41))
  Using cached loguru-0.7.3-py3-none-any.whl.metadata (22 kB)
Collecting pytest>=7.4.3 (from -r requirements.txt (line 44))
  Using cached pytest-9.0.3-py3-none-any.whl.metadata (7.6 kB)
Collecting pytest-asyncio>=0.21.1 (from -r requirements.txt (line 45))
  Using cached pytest_asyncio-1.3.0-py3-none-any.whl.metadata (4.1 kB)
Collecting black>=23.11.0 (from -r requirements.txt (line 46))
  Using cached black-26.3.1-cp314-cp314-manylinux2014_x86_64.manylinux_2_17_x86_64.manylinux_2_28_x86_64.whl.metadata (91 kB)
Collecting ruff>=0.1.6 (from -r requirements.txt (line 47))
  Using cached ruff-0.15.11-py3-none-manylinux_2_17_x86_64.manylinux2014_x86_64.whl.metadata (26 kB)
Collecting mypy>=1.7.1 (from -r requirements.txt (line 48))
  Using cached mypy-1.20.1-cp314-cp314-manylinux2014_x86_64.manylinux_2_17_x86_64.manylinux_2_28_x86_64.whl.metadata (2.3 kB)
Collecting slowapi>=0.1.9 (from -r requirements.txt (line 51))
  Using cached slowapi-0.1.9-py3-none-any.whl.metadata (3.0 kB)
Collecting starlette>=0.46.0 (from fastapi>=0.104.1->-r requirements.txt (line 7))
  Using cached starlette-1.0.0-py3-none-any.whl.metadata (6.3 kB)
Collecting typing-extensions>=4.8.0 (from fastapi>=0.104.1->-r requirements.txt (line 7))
  Using cached typing_extensions-4.15.0-py3-none-any.whl.metadata (3.3 kB)
Collecting typing-inspection>=0.4.2 (from fastapi>=0.104.1->-r requirements.txt (line 7))
  Using cached typing_inspection-0.4.2-py3-none-any.whl.metadata (2.6 kB)
Collecting annotated-doc>=0.0.2 (from fastapi>=0.104.1->-r requirements.txt (line 7))
  Using cached annotated_doc-0.0.4-py3-none-any.whl.metadata (6.6 kB)
Collecting click>=7.0 (from uvicorn>=0.24.0->uvicorn[standard]>=0.24.0->-r requirements.txt (line 8))
  Using cached click-8.3.2-py3-none-any.whl.metadata (2.6 kB)
Collecting h11>=0.8 (from uvicorn>=0.24.0->uvicorn[standard]>=0.24.0->-r requirements.txt (line 8))
  Using cached h11-0.16.0-py3-none-any.whl.metadata (8.3 kB)
Collecting greenlet>=1 (from sqlalchemy>=2.0.23->-r requirements.txt (line 11))
  Using cached greenlet-3.4.0-cp314-cp314-manylinux_2_24_x86_64.manylinux_2_28_x86_64.whl.metadata (3.7 kB)
Collecting Mako (from alembic>=1.12.1->-r requirements.txt (line 13))
  Using cached mako-1.3.11-py3-none-any.whl.metadata (2.9 kB)
Collecting ecdsa!=0.15 (from python-jose>=3.3.0->python-jose[cryptography]>=3.3.0->-r requirements.txt (line 16))
  Using cached ecdsa-0.19.2-py2.py3-none-any.whl.metadata (29 kB)
Collecting rsa!=4.1.1,!=4.4,<5.0,>=4.0 (from python-jose>=3.3.0->python-jose[cryptography]>=3.3.0->-r requirements.txt (line 16))
  Using cached rsa-4.9.1-py3-none-any.whl.metadata (5.6 kB)
Collecting pyasn1>=0.5.0 (from python-jose>=3.3.0->python-jose[cryptography]>=3.3.0->-r requirements.txt (line 16))
  Using cached pyasn1-0.6.3-py3-none-any.whl.metadata (8.4 kB)
Collecting annotated-types>=0.6.0 (from pydantic>=2.5.0->pydantic[email]>=2.5.0->-r requirements.txt (line 21))
  Using cached annotated_types-0.7.0-py3-none-any.whl.metadata (15 kB)
Collecting pydantic-core==2.46.2 (from pydantic>=2.5.0->pydantic[email]>=2.5.0->-r requirements.txt (line 21))
  Using cached pydantic_core-2.46.2-cp314-cp314-manylinux_2_17_x86_64.manylinux2014_x86_64.whl.metadata (6.6 kB)
Collecting anyio (from httpx>=0.25.2->-r requirements.txt (line 26))
  Using cached anyio-4.13.0-py3-none-any.whl.metadata (4.5 kB)
Collecting certifi (from httpx>=0.25.2->-r requirements.txt (line 26))
  Using cached certifi-2026.2.25-py3-none-any.whl.metadata (2.5 kB)
Collecting httpcore==1.* (from httpx>=0.25.2->-r requirements.txt (line 26))
  Using cached httpcore-1.0.9-py3-none-any.whl.metadata (21 kB)
Collecting idna (from httpx>=0.25.2->-r requirements.txt (line 26))
  Using cached idna-3.11-py3-none-any.whl.metadata (8.4 kB)
Requirement already satisfied: packaging in ./venv/lib/python3.14/site-packages (from geoalchemy2>=0.14.2->-r requirements.txt (line 33)) (26.1)
Collecting iniconfig>=1.0.1 (from pytest>=7.4.3->-r requirements.txt (line 44))
  Using cached iniconfig-2.3.0-py3-none-any.whl.metadata (2.5 kB)
Collecting pluggy<2,>=1.5 (from pytest>=7.4.3->-r requirements.txt (line 44))
  Using cached pluggy-1.6.0-py3-none-any.whl.metadata (4.8 kB)
Collecting pygments>=2.7.2 (from pytest>=7.4.3->-r requirements.txt (line 44))
  Using cached pygments-2.20.0-py3-none-any.whl.metadata (2.5 kB)
Collecting mypy-extensions>=0.4.3 (from black>=23.11.0->-r requirements.txt (line 46))
  Using cached mypy_extensions-1.1.0-py3-none-any.whl.metadata (1.1 kB)
Collecting pathspec>=1.0.0 (from black>=23.11.0->-r requirements.txt (line 46))
  Using cached pathspec-1.0.4-py3-none-any.whl.metadata (13 kB)
Collecting platformdirs>=2 (from black>=23.11.0->-r requirements.txt (line 46))
  Using cached platformdirs-4.9.6-py3-none-any.whl.metadata (4.7 kB)
Collecting pytokens~=0.4.0 (from black>=23.11.0->-r requirements.txt (line 46))
  Using cached pytokens-0.4.1-cp314-cp314-manylinux2014_x86_64.manylinux_2_17_x86_64.manylinux_2_28_x86_64.whl.metadata (3.8 kB)
Collecting librt>=0.8.0 (from mypy>=1.7.1->-r requirements.txt (line 48))
  Using cached librt-0.9.0-cp314-cp314-manylinux2014_x86_64.manylinux_2_17_x86_64.manylinux_2_28_x86_64.whl.metadata (1.3 kB)
Collecting limits>=2.3 (from slowapi>=0.1.9->-r requirements.txt (line 51))
  Using cached limits-5.8.0-py3-none-any.whl.metadata (10 kB)
Collecting six>=1.9.0 (from ecdsa!=0.15->python-jose>=3.3.0->python-jose[cryptography]>=3.3.0->-r requirements.txt (line 16))
  Using cached six-1.17.0-py2.py3-none-any.whl.metadata (1.7 kB)
Collecting deprecated>=1.2 (from limits>=2.3->slowapi>=0.1.9->-r requirements.txt (line 51))
  Using cached deprecated-1.3.1-py2.py3-none-any.whl.metadata (5.9 kB)
Collecting wrapt<3,>=1.10 (from deprecated>=1.2->limits>=2.3->slowapi>=0.1.9->-r requirements.txt (line 51))
  Using cached wrapt-2.1.2-cp314-cp314-manylinux1_x86_64.manylinux_2_28_x86_64.manylinux_2_5_x86_64.whl.metadata (7.4 kB)
Collecting bcrypt>=3.1.0 (from passlib[bcrypt]>=1.7.4->-r requirements.txt (line 17))
  Using cached bcrypt-5.0.0-cp39-abi3-manylinux_2_34_x86_64.whl.metadata (10 kB)
Collecting email-validator>=2.0.0 (from pydantic[email]>=2.5.0->-r requirements.txt (line 21))
  Using cached email_validator-2.3.0-py3-none-any.whl.metadata (26 kB)
Collecting dnspython>=2.0.0 (from email-validator>=2.0.0->pydantic[email]>=2.5.0->-r requirements.txt (line 21))
  Using cached dnspython-2.8.0-py3-none-any.whl.metadata (5.7 kB)
Collecting cryptography>=3.4.0 (from python-jose[cryptography]>=3.3.0->-r requirements.txt (line 16))
  Using cached cryptography-46.0.7-cp311-abi3-manylinux_2_34_x86_64.whl.metadata (5.7 kB)
Collecting cffi>=2.0.0 (from cryptography>=3.4.0->python-jose[cryptography]>=3.3.0->-r requirements.txt (line 16))
  Using cached cffi-2.0.0-cp314-cp314-manylinux2014_x86_64.manylinux_2_17_x86_64.whl.metadata (2.6 kB)
Collecting pycparser (from cffi>=2.0.0->cryptography>=3.4.0->python-jose[cryptography]>=3.3.0->-r requirements.txt (line 16))
  Using cached pycparser-3.0-py3-none-any.whl.metadata (8.2 kB)
Collecting httptools>=0.6.3 (from uvicorn[standard]>=0.24.0->-r requirements.txt (line 8))
  Using cached httptools-0.7.1-cp314-cp314-manylinux1_x86_64.manylinux_2_28_x86_64.manylinux_2_5_x86_64.whl.metadata (3.5 kB)
Collecting pyyaml>=5.1 (from uvicorn[standard]>=0.24.0->-r requirements.txt (line 8))
  Using cached pyyaml-6.0.3-cp314-cp314-manylinux2014_x86_64.manylinux_2_17_x86_64.manylinux_2_28_x86_64.whl.metadata (2.4 kB)
Collecting uvloop>=0.15.1 (from uvicorn[standard]>=0.24.0->-r requirements.txt (line 8))
  Using cached uvloop-0.22.1-cp314-cp314-manylinux2014_x86_64.manylinux_2_17_x86_64.manylinux_2_28_x86_64.whl.metadata (4.9 kB)
Collecting watchfiles>=0.20 (from uvicorn[standard]>=0.24.0->-r requirements.txt (line 8))
  Using cached watchfiles-1.1.1-cp314-cp314-manylinux_2_17_x86_64.manylinux2014_x86_64.whl.metadata (4.9 kB)
Collecting websockets>=10.4 (from uvicorn[standard]>=0.24.0->-r requirements.txt (line 8))
  Using cached websockets-16.0-cp314-cp314-manylinux1_x86_64.manylinux_2_28_x86_64.manylinux_2_5_x86_64.whl.metadata (6.8 kB)
Collecting MarkupSafe>=0.9.2 (from Mako->alembic>=1.12.1->-r requirements.txt (line 13))
  Using cached markupsafe-3.0.3-cp314-cp314-manylinux2014_x86_64.manylinux_2_17_x86_64.manylinux_2_28_x86_64.whl.metadata (2.7 kB)
Using cached fastapi-0.136.0-py3-none-any.whl (117 kB)
Using cached uvicorn-0.44.0-py3-none-any.whl (69 kB)
Using cached sqlalchemy-2.0.49-cp314-cp314-manylinux2014_x86_64.manylinux_2_17_x86_64.manylinux_2_28_x86_64.whl (3.3 MB)
Using cached asyncpg-0.31.0-cp314-cp314-manylinux2014_x86_64.manylinux_2_17_x86_64.manylinux_2_28_x86_64.whl (3.5 MB)
Using cached alembic-1.18.4-py3-none-any.whl (263 kB)
Using cached python_jose-3.5.0-py2.py3-none-any.whl (34 kB)
Using cached rsa-4.9.1-py3-none-any.whl (34 kB)
Using cached passlib-1.7.4-py2.py3-none-any.whl (525 kB)
Using cached python_multipart-0.0.26-py3-none-any.whl (28 kB)
Using cached pydantic-2.13.2-py3-none-any.whl (471 kB)
Using cached pydantic_core-2.46.2-cp314-cp314-manylinux_2_17_x86_64.manylinux2014_x86_64.whl (2.1 MB)
Using cached pydantic_settings-2.13.1-py3-none-any.whl (58 kB)
Using cached python_decouple-3.8-py3-none-any.whl (9.9 kB)
Using cached httpx-0.28.1-py3-none-any.whl (73 kB)
Using cached httpcore-1.0.9-py3-none-any.whl (78 kB)
Using cached aiofiles-25.1.0-py3-none-any.whl (14 kB)
Using cached redis-7.4.0-py3-none-any.whl (409 kB)
Using cached geoalchemy2-0.19.0-py3-none-any.whl (81 kB)
Using cached pillow-12.2.0-cp314-cp314-manylinux_2_27_x86_64.manylinux_2_28_x86_64.whl (7.1 MB)
Using cached python_dotenv-1.2.2-py3-none-any.whl (22 kB)
Using cached structlog-25.5.0-py3-none-any.whl (72 kB)
Using cached loguru-0.7.3-py3-none-any.whl (61 kB)
Using cached pytest-9.0.3-py3-none-any.whl (375 kB)
Using cached pluggy-1.6.0-py3-none-any.whl (20 kB)
Using cached pytest_asyncio-1.3.0-py3-none-any.whl (15 kB)
Using cached black-26.3.1-cp314-cp314-manylinux2014_x86_64.manylinux_2_17_x86_64.manylinux_2_28_x86_64.whl (1.8 MB)
Using cached pytokens-0.4.1-cp314-cp314-manylinux2014_x86_64.manylinux_2_17_x86_64.manylinux_2_28_x86_64.whl (268 kB)
Using cached ruff-0.15.11-py3-none-manylinux_2_17_x86_64.manylinux2014_x86_64.whl (11.3 MB)
Using cached mypy-1.20.1-cp314-cp314-manylinux2014_x86_64.manylinux_2_17_x86_64.manylinux_2_28_x86_64.whl (14.7 MB)
Using cached slowapi-0.1.9-py3-none-any.whl (14 kB)
Using cached annotated_doc-0.0.4-py3-none-any.whl (5.3 kB)
Using cached annotated_types-0.7.0-py3-none-any.whl (13 kB)
Using cached click-8.3.2-py3-none-any.whl (108 kB)
Using cached ecdsa-0.19.2-py2.py3-none-any.whl (150 kB)
Using cached greenlet-3.4.0-cp314-cp314-manylinux_2_24_x86_64.manylinux_2_28_x86_64.whl (665 kB)
Using cached h11-0.16.0-py3-none-any.whl (37 kB)
Using cached iniconfig-2.3.0-py3-none-any.whl (7.5 kB)
Using cached librt-0.9.0-cp314-cp314-manylinux2014_x86_64.manylinux_2_17_x86_64.manylinux_2_28_x86_64.whl (227 kB)
Using cached limits-5.8.0-py3-none-any.whl (60 kB)
Using cached deprecated-1.3.1-py2.py3-none-any.whl (11 kB)
Using cached wrapt-2.1.2-cp314-cp314-manylinux1_x86_64.manylinux_2_28_x86_64.manylinux_2_5_x86_64.whl (120 kB)
Using cached mypy_extensions-1.1.0-py3-none-any.whl (5.0 kB)
Using cached bcrypt-5.0.0-cp39-abi3-manylinux_2_34_x86_64.whl (278 kB)
Using cached pathspec-1.0.4-py3-none-any.whl (55 kB)
Using cached platformdirs-4.9.6-py3-none-any.whl (21 kB)
Using cached pyasn1-0.6.3-py3-none-any.whl (83 kB)
Using cached email_validator-2.3.0-py3-none-any.whl (35 kB)
Using cached dnspython-2.8.0-py3-none-any.whl (331 kB)
Using cached idna-3.11-py3-none-any.whl (71 kB)
Using cached pygments-2.20.0-py3-none-any.whl (1.2 MB)
Using cached cryptography-46.0.7-cp311-abi3-manylinux_2_34_x86_64.whl (4.5 MB)
Using cached cffi-2.0.0-cp314-cp314-manylinux2014_x86_64.manylinux_2_17_x86_64.whl (219 kB)
Using cached six-1.17.0-py2.py3-none-any.whl (11 kB)
Using cached starlette-1.0.0-py3-none-any.whl (72 kB)
Using cached anyio-4.13.0-py3-none-any.whl (114 kB)
Using cached typing_extensions-4.15.0-py3-none-any.whl (44 kB)
Using cached typing_inspection-0.4.2-py3-none-any.whl (14 kB)
Using cached httptools-0.7.1-cp314-cp314-manylinux1_x86_64.manylinux_2_28_x86_64.manylinux_2_5_x86_64.whl (472 kB)
Using cached pyyaml-6.0.3-cp314-cp314-manylinux2014_x86_64.manylinux_2_17_x86_64.manylinux_2_28_x86_64.whl (794 kB)
Using cached uvloop-0.22.1-cp314-cp314-manylinux2014_x86_64.manylinux_2_17_x86_64.manylinux_2_28_x86_64.whl (4.3 MB)
Using cached watchfiles-1.1.1-cp314-cp314-manylinux_2_17_x86_64.manylinux2014_x86_64.whl (455 kB)
Using cached websockets-16.0-cp314-cp314-manylinux1_x86_64.manylinux_2_28_x86_64.manylinux_2_5_x86_64.whl (185 kB)
Using cached certifi-2026.2.25-py3-none-any.whl (153 kB)
Using cached mako-1.3.11-py3-none-any.whl (78 kB)
Using cached markupsafe-3.0.3-cp314-cp314-manylinux2014_x86_64.manylinux_2_17_x86_64.manylinux_2_28_x86_64.whl (23 kB)
Using cached pycparser-3.0-py3-none-any.whl (48 kB)
Installing collected packages: python-decouple, passlib, wrapt, websockets, uvloop, typing-extensions, structlog, six, ruff, redis, pyyaml, pytokens, python-multipart, python-dotenv, pygments, pycparser, pyasn1, pluggy, platformdirs, pillow, pathspec, mypy-extensions, MarkupSafe, loguru, librt, iniconfig, idna, httptools, h11, greenlet, dnspython, click, certifi, bcrypt, asyncpg, annotated-types, annotated-doc, aiofiles, uvicorn, typing-inspection, sqlalchemy, rsa, pytest, pydantic-core, mypy, Mako, httpcore, email-validator, ecdsa, deprecated, cffi, black, anyio, watchfiles, starlette, python-jose, pytest-asyncio, pydantic, limits, httpx, geoalchemy2, cryptography, alembic, slowapi, pydantic-settings, fastapi

Successfully installed Mako-1.3.11 MarkupSafe-3.0.3 aiofiles-25.1.0 alembic-1.18.4 annotated-doc-0.0.4 annotated-types-0.7.0 anyio-4.13.0 asyncpg-0.31.0 bcrypt-5.0.0 black-26.3.1 certifi-2026.2.25 cffi-2.0.0 click-8.3.2 cryptography-46.0.7 deprecated-1.3.1 dnspython-2.8.0 ecdsa-0.19.2 email-validator-2.3.0 fastapi-0.136.0 geoalchemy2-0.19.0 greenlet-3.4.0 h11-0.16.0 httpcore-1.0.9 httptools-0.7.1 httpx-0.28.1 idna-3.11 iniconfig-2.3.0 librt-0.9.0 limits-5.8.0 loguru-0.7.3 mypy-1.20.1 mypy-extensions-1.1.0 passlib-1.7.4 pathspec-1.0.4 pillow-12.2.0 platformdirs-4.9.6 pluggy-1.6.0 pyasn1-0.6.3 pycparser-3.0 pydantic-2.13.2 pydantic-core-2.46.2 pydantic-settings-2.13.1 pygments-2.20.0 pytest-9.0.3 pytest-asyncio-1.3.0 python-decouple-3.8 python-dotenv-1.2.2 python-jose-3.5.0 python-multipart-0.0.26 pytokens-0.4.1 pyyaml-6.0.3 redis-7.4.0 rsa-4.9.1 ruff-0.15.11 six-1.17.0 slowapi-0.1.9 sqlalchemy-2.0.49 starlette-1.0.0 structlog-25.5.0 typing-extensions-4.15.0 typing-inspection-0.4.2 uvicorn-0.44.0 uvloop-0.22.1 watchfiles-1.1.1 websockets-16.0 wrapt-2.1.2
