INFO:     Will watch for changes in these directories: ['/home/ken/Projects/Waste_detection_bot/backend']
INFO:     Uvicorn running on http://0.0.0.0:8000 (Press CTRL+C to quit)
INFO:     Started reloader process [32458] using WatchFiles
2026-04-19 13:55:33 [warning  ] ORS_API_KEY not set; ORS optimization calls will fail and should fallback
INFO:     Started server process [32464]
INFO:     Waiting for application startup.
2026-04-19 13:55:33,610 INFO sqlalchemy.engine.Engine select pg_catalog.version()
2026-04-19 13:55:33,610 INFO sqlalchemy.engine.Engine [raw sql] ()
2026-04-19 13:55:33,614 INFO sqlalchemy.engine.Engine select current_schema()
2026-04-19 13:55:33,614 INFO sqlalchemy.engine.Engine [raw sql] ()
2026-04-19 13:55:33,616 INFO sqlalchemy.engine.Engine show standard_conforming_strings
2026-04-19 13:55:33,617 INFO sqlalchemy.engine.Engine [raw sql] ()
2026-04-19 13:55:33,618 INFO sqlalchemy.engine.Engine BEGIN (implicit)
2026-04-19 13:55:33,626 INFO sqlalchemy.engine.Engine SELECT pg_catalog.pg_class.relname 
FROM pg_catalog.pg_class JOIN pg_catalog.pg_namespace ON pg_catalog.pg_namespace.oid = pg_catalog.pg_class.relnamespace 
WHERE pg_catalog.pg_class.relname = $1::VARCHAR AND pg_catalog.pg_class.relkind = ANY (ARRAY[$2::VARCHAR, $3::VARCHAR, $4::VARCHAR, $5::VARCHAR, $6::VARCHAR]) AND pg_catalog.pg_table_is_visible(pg_catalog.pg_class.oid) AND pg_catalog.pg_namespace.nspname != $7::VARCHAR
2026-04-19 13:55:33,626 INFO sqlalchemy.engine.Engine [generated in 0.00071s] ('incidents', 'r', 'p', 'f', 'v', 'm', 'pg_catalog')
2026-04-19 13:55:33,633 INFO sqlalchemy.engine.Engine SELECT pg_catalog.pg_class.relname 
FROM pg_catalog.pg_class JOIN pg_catalog.pg_namespace ON pg_catalog.pg_namespace.oid = pg_catalog.pg_class.relnamespace 
WHERE pg_catalog.pg_class.relname = $1::VARCHAR AND pg_catalog.pg_class.relkind = ANY (ARRAY[$2::VARCHAR, $3::VARCHAR, $4::VARCHAR, $5::VARCHAR, $6::VARCHAR]) AND pg_catalog.pg_table_is_visible(pg_catalog.pg_class.oid) AND pg_catalog.pg_namespace.nspname != $7::VARCHAR
2026-04-19 13:55:33,633 INFO sqlalchemy.engine.Engine [cached since 0.007166s ago] ('users', 'r', 'p', 'f', 'v', 'm', 'pg_catalog')
2026-04-19 13:55:33,634 INFO sqlalchemy.engine.Engine SELECT pg_catalog.pg_class.relname 
FROM pg_catalog.pg_class JOIN pg_catalog.pg_namespace ON pg_catalog.pg_namespace.oid = pg_catalog.pg_class.relnamespace 
WHERE pg_catalog.pg_class.relname = $1::VARCHAR AND pg_catalog.pg_class.relkind = ANY (ARRAY[$2::VARCHAR, $3::VARCHAR, $4::VARCHAR, $5::VARCHAR, $6::VARCHAR]) AND pg_catalog.pg_table_is_visible(pg_catalog.pg_class.oid) AND pg_catalog.pg_namespace.nspname != $7::VARCHAR
2026-04-19 13:55:33,634 INFO sqlalchemy.engine.Engine [cached since 0.008537s ago] ('point_transactions', 'r', 'p', 'f', 'v', 'm', 'pg_catalog')
2026-04-19 13:55:33,635 INFO sqlalchemy.engine.Engine SELECT pg_catalog.pg_class.relname 
FROM pg_catalog.pg_class JOIN pg_catalog.pg_namespace ON pg_catalog.pg_namespace.oid = pg_catalog.pg_class.relnamespace 
WHERE pg_catalog.pg_class.relname = $1::VARCHAR AND pg_catalog.pg_class.relkind = ANY (ARRAY[$2::VARCHAR, $3::VARCHAR, $4::VARCHAR, $5::VARCHAR, $6::VARCHAR]) AND pg_catalog.pg_table_is_visible(pg_catalog.pg_class.oid) AND pg_catalog.pg_namespace.nspname != $7::VARCHAR
2026-04-19 13:55:33,636 INFO sqlalchemy.engine.Engine [cached since 0.00988s ago] ('routes', 'r', 'p', 'f', 'v', 'm', 'pg_catalog')
2026-04-19 13:55:33,637 INFO sqlalchemy.engine.Engine SELECT pg_catalog.pg_class.relname 
FROM pg_catalog.pg_class JOIN pg_catalog.pg_namespace ON pg_catalog.pg_namespace.oid = pg_catalog.pg_class.relnamespace 
WHERE pg_catalog.pg_class.relname = $1::VARCHAR AND pg_catalog.pg_class.relkind = ANY (ARRAY[$2::VARCHAR, $3::VARCHAR, $4::VARCHAR, $5::VARCHAR, $6::VARCHAR]) AND pg_catalog.pg_table_is_visible(pg_catalog.pg_class.oid) AND pg_catalog.pg_namespace.nspname != $7::VARCHAR
2026-04-19 13:55:33,637 INFO sqlalchemy.engine.Engine [cached since 0.01113s ago] ('route_stops', 'r', 'p', 'f', 'v', 'm', 'pg_catalog')
2026-04-19 13:55:33,641 INFO sqlalchemy.engine.Engine SELECT pg_catalog.pg_type.typname 
FROM pg_catalog.pg_type JOIN pg_catalog.pg_namespace ON pg_catalog.pg_namespace.oid = pg_catalog.pg_type.typnamespace 
WHERE pg_catalog.pg_type.typname = $1::VARCHAR AND pg_catalog.pg_type_is_visible(pg_catalog.pg_type.oid) AND pg_catalog.pg_namespace.nspname != $2::VARCHAR
2026-04-19 13:55:33,641 INFO sqlalchemy.engine.Engine [generated in 0.00044s] ('userrole', 'pg_catalog')
2026-04-19 13:55:33,645 INFO sqlalchemy.engine.Engine SELECT pg_catalog.pg_type.typname 
FROM pg_catalog.pg_type JOIN pg_catalog.pg_namespace ON pg_catalog.pg_namespace.oid = pg_catalog.pg_type.typnamespace 
WHERE pg_catalog.pg_type.typname = $1::VARCHAR AND pg_catalog.pg_type_is_visible(pg_catalog.pg_type.oid) AND pg_catalog.pg_namespace.nspname != $2::VARCHAR
2026-04-19 13:55:33,646 INFO sqlalchemy.engine.Engine [cached since 0.004672s ago] ('badgetier', 'pg_catalog')
2026-04-19 13:55:33,649 INFO sqlalchemy.engine.Engine SELECT pg_catalog.pg_type.typname 
FROM pg_catalog.pg_type JOIN pg_catalog.pg_namespace ON pg_catalog.pg_namespace.oid = pg_catalog.pg_type.typnamespace 
WHERE pg_catalog.pg_type.typname = $1::VARCHAR AND pg_catalog.pg_type_is_visible(pg_catalog.pg_type.oid) AND pg_catalog.pg_namespace.nspname != $2::VARCHAR
2026-04-19 13:55:33,649 INFO sqlalchemy.engine.Engine [cached since 0.008331s ago] ('pointreason', 'pg_catalog')
2026-04-19 13:55:33,651 INFO sqlalchemy.engine.Engine COMMIT
INFO:     Application startup complete.
INFO:     127.0.0.1:52962 - "GET /health HTTP/1.1" 200 OK
INFO:     Shutting down
INFO:     Waiting for application shutdown.
INFO:     Application shutdown complete.
INFO:     Finished server process [32464]
INFO:     Stopping reloader process [32458]
